<?xml version="1.0" encoding="UTF-8"?>
<!-- Generated by org.testng.reporters.JUnitReportReporter -->
<testsuite hostname="DESKTOP-84JRECE" failures="0" tests="1" name="packtest.logintest" time="10.716" errors="0" timestamp="2023-10-05T13:29:54 IST" skipped="0">
  <testcase classname="packtest.logintest" name="startBrowser" time="10.716"/>
  <system-out/>
</testsuite> <!-- packtest.logintest -->
