<?xml version="1.0" encoding="UTF-8"?>
<!-- Generated by org.testng.reporters.JUnitReportReporter -->
<testsuite hostname="DESKTOP-84JRECE" failures="0" tests="2" name="packtest.logintest" time="14.030" errors="0" timestamp="2023-10-06T14:02:59 IST" skipped="0">
  <testcase classname="packtest.logintest" name="envname" time="0.005"/>
  <system-out/>
  <testcase classname="packtest.logintest" name="startBrowser" time="14.025"/>
  <system-out/>
</testsuite> <!-- packtest.logintest -->
