<?xml version="1.0" encoding="UTF-8"?>
<!-- Generated by org.testng.reporters.JUnitReportReporter -->
<testsuite hostname="DESKTOP-84JRECE" failures="0" tests="1" name="packtest.emailtest" time="7.981" errors="0" timestamp="2023-10-07T19:01:20 IST" skipped="0">
  <testcase classname="packtest.emailtest" name="emaillogin" time="7.981"/>
  <system-out/>
</testsuite> <!-- packtest.emailtest -->
