<?xml version="1.0" encoding="UTF-8"?>
<!-- Generated by org.testng.reporters.JUnitReportReporter -->
<testsuite hostname="DESKTOP-84JRECE" failures="0" tests="1" name="packtest.logintest" time="50.193" errors="0" timestamp="2023-10-05T15:24:07 IST" skipped="0">
  <testcase classname="packtest.logintest" name="startBrowser" time="50.193"/>
  <system-out/>
</testsuite> <!-- packtest.logintest -->
