<?xml version="1.0" encoding="UTF-8"?>
<!-- Generated by org.testng.reporters.JUnitReportReporter -->
<testsuite hostname="DESKTOP-84JRECE" failures="0" tests="2" name="packtest.logintest" time="13.033" errors="0" timestamp="2023-10-07T19:01:20 IST" skipped="0">
  <testcase classname="packtest.logintest" name="envname" time="0.006"/>
  <system-out/>
  <testcase classname="packtest.logintest" name="startBrowser" time="13.027"/>
  <system-out/>
</testsuite> <!-- packtest.logintest -->
